{"/Users/Iain/Projects/preso-unit-tests/js/verslierteraar.js":{"path":"/Users/Iain/Projects/preso-unit-tests/js/verslierteraar.js","s":{"1":1,"2":3,"3":1,"4":1,"5":1,"6":1},"b":{"1":[1,1,1]},"f":{"1":3},"fnMap":{"1":{"name":"versliert","line":2,"loc":{"start":{"line":2,"column":0},"end":{"line":2,"column":31}}}},"statementMap":{"1":{"start":{"line":2,"column":0},"end":{"line":11,"column":1}},"2":{"start":{"line":3,"column":1},"end":{"line":10,"column":2}},"3":{"start":{"line":5,"column":3},"end":{"line":5,"column":18}},"4":{"start":{"line":7,"column":3},"end":{"line":7,"column":22}},"5":{"start":{"line":9,"column":3},"end":{"line":9,"column":19}},"6":{"start":{"line":13,"column":0},"end":{"line":13,"column":27}}},"branchMap":{"1":{"line":3,"type":"switch","locations":[{"start":{"line":4,"column":2},"end":{"line":5,"column":18}},{"start":{"line":6,"column":2},"end":{"line":7,"column":22}},{"start":{"line":8,"column":2},"end":{"line":9,"column":19}}]}}}}